[ 2018-06-11T08:59:33+08:00 ] ::1 /
INFO: [ app_init ] --START--
INFO: Run Behavior\BuildLiteBehavior [ RunTime:0.000000s ]
INFO: [ app_init ] --END-- [ RunTime:0.001000s ]
INFO: [ app_begin ] --START--
INFO: Run Behavior\ReadHtmlCacheBehavior [ RunTime:0.002000s ]
INFO: [ app_begin ] --END-- [ RunTime:0.002000s ]
INFO: [ view_parse ] --START--
NOTIC: [2] is_file(): File name is longer than the maximum allowed path length on this platform (260): &lt;style type=&quot;text/css&quot;&gt;*{ padding: 0; margin: 0; } div{ padding: 4px 48px;} body{ background: #fff; font-family: &quot;ÂæÆËΩØÈõÖÈªë&quot;; color: #333;font-size:24px} h1{ font-size: 100px; font-weight: normal; margin-bottom: 12px; } p{ line-height: 1.8em; font-size: 36px } a,a:hover{color:blue;}&lt;/style&gt;&lt;div style=&quot;padding: 24px 48px;&quot;&gt; &lt;h1&gt;:)&lt;/h1&gt;&lt;p&gt;Ê¨¢Ëøé‰ΩøÁî® &lt;b&gt;ThinkPHP&lt;/b&gt;ÔºÅ&lt;/p&gt;&lt;br/&gt;ÁâàÊú¨ V{$Think.version}&lt;/div&gt;&lt;script type=&quot;text/javascript&quot; src=&quot;http://ad.topthink.com/Public/static/client.js&quot;&gt;&lt;/script&gt;&lt;thinkad id=&quot;ad_55e75dfae343f5a1&quot;&gt;&lt;/thinkad&gt;&lt;script type=&quot;text/javascript&quot; src=&quot;http://tajs.qq.com/stats?sId=9347272&quot; charset=&quot;UTF-8&quot;&gt;&lt;/script&gt; C:\UPUPW_AP7.0\htdocs\shouorder\ThinkPHP\Library\Think\Template.class.php Á¨¨ 89 Ë°å.
INFO: [ template_filter ] --START--
INFO: Run Behavior\ContentReplaceBehavior [ RunTime:0.001000s ]
INFO: [ template_filter ] --END-- [ RunTime:0.001000s ]
INFO: Run Behavior\ParseTemplateBehavior [ RunTime:0.014000s ]
INFO: [ view_parse ] --END-- [ RunTime:0.014000s ]
INFO: [ view_filter ] --START--
INFO: Run Behavior\WriteHtmlCacheBehavior [ RunTime:0.002000s ]
INFO: [ view_filter ] --END-- [ RunTime:0.003000s ]
INFO: [ app_end ] --START--
INFO: Run Behavior\ShowPageTraceBehavior [ RunTime:0.002000s ]
INFO: [ app_end ] --END-- [ RunTime:0.002000s ]

[ 2018-06-11T16:52:51+08:00 ] ::1 /
INFO: [ app_init ] --START--
INFO: Run Behavior\BuildLiteBehavior [ RunTime:0.000000s ]
INFO: [ app_init ] --END-- [ RunTime:0.000000s ]
INFO: [ app_begin ] --START--
INFO: Run Behavior\ReadHtmlCacheBehavior [ RunTime:0.001000s ]
INFO: [ app_begin ] --END-- [ RunTime:0.001000s ]
ERR: SQLSTATE[HY000] [2002] ”…”⁄ƒø±Íº∆À„ª˙ª˝º´æ‹æ¯£¨Œﬁ∑®¡¨Ω”°£


[ 2018-06-11T16:53:19+08:00 ] ::1 /
INFO: [ app_init ] --START--
INFO: Run Behavior\BuildLiteBehavior [ RunTime:0.000000s ]
INFO: [ app_init ] --END-- [ RunTime:0.000000s ]
INFO: [ app_begin ] --START--
INFO: Run Behavior\ReadHtmlCacheBehavior [ RunTime:0.001000s ]
INFO: [ app_begin ] --END-- [ RunTime:0.001000s ]
ERR: SQLSTATE[HY000] [2002] ”…”⁄ƒø±Íº∆À„ª˙ª˝º´æ‹æ¯£¨Œﬁ∑®¡¨Ω”°£


